  GLUTCallbacks.cpp
  HelloGL.cpp
C:\Users\j013015j\Documents\GitHub\FOGS-Project2\HelloGL real\HelloGL real\HelloGL.cpp(55): warning C4305: 'argument': truncation from 'double' to 'GLfloat'
C:\Users\j013015j\Documents\GitHub\FOGS-Project2\HelloGL real\HelloGL real\HelloGL.cpp(56): warning C4305: 'argument': truncation from 'double' to 'GLfloat'
C:\Users\j013015j\Documents\GitHub\FOGS-Project2\HelloGL real\HelloGL real\HelloGL.cpp(57): warning C4305: 'argument': truncation from 'double' to 'GLfloat'
  Generating Code...
HelloGL.obj : error LNK2019: unresolved external symbol __imp_glutInitWindowPosition referenced in function "public: __cdecl HelloGL::HelloGL(int,char * * const)" (??0HelloGL@@QEAA@HQEAPEAD@Z)
HelloGL.obj : error LNK2019: unresolved external symbol __imp_glutInitWindowSize referenced in function "public: __cdecl HelloGL::HelloGL(int,char * * const)" (??0HelloGL@@QEAA@HQEAPEAD@Z)
HelloGL.obj : error LNK2019: unresolved external symbol __imp_glutInitDisplayMode referenced in function "public: __cdecl HelloGL::HelloGL(int,char * * const)" (??0HelloGL@@QEAA@HQEAPEAD@Z)
HelloGL.obj : error LNK2019: unresolved external symbol __imp_glutMainLoop referenced in function "public: __cdecl HelloGL::HelloGL(int,char * * const)" (??0HelloGL@@QEAA@HQEAPEAD@Z)
HelloGL.obj : error LNK2019: unresolved external symbol __imp_glutPostRedisplay referenced in function "public: void __cdecl HelloGL::Update(void)" (?Update@HelloGL@@QEAAXXZ)
HelloGL.obj : error LNK2019: unresolved external symbol __imp_glutSwapBuffers referenced in function "public: __cdecl HelloGL::HelloGL(int,char * * const)" (??0HelloGL@@QEAA@HQEAPEAD@Z)
HelloGL.obj : error LNK2019: unresolved external symbol __imp_glutTimerFunc referenced in function "public: __cdecl HelloGL::HelloGL(int,char * * const)" (??0HelloGL@@QEAA@HQEAPEAD@Z)
GLUTCallbacks.obj : error LNK2001: unresolved external symbol __imp_glutTimerFunc
HelloGL.obj : error LNK2019: unresolved external symbol __imp_glutDisplayFunc referenced in function "public: __cdecl HelloGL::HelloGL(int,char * * const)" (??0HelloGL@@QEAA@HQEAPEAD@Z)
HelloGL.obj : error LNK2019: unresolved external symbol __imp___glutInitWithExit referenced in function glutInit_ATEXIT_HACK
HelloGL.obj : error LNK2019: unresolved external symbol __imp___glutCreateWindowWithExit referenced in function glutCreateWindow_ATEXIT_HACK
GLUTCallbacks.obj : error LNK2019: unresolved external symbol __imp_glutGet referenced in function "void __cdecl GLUTCallbacks::Timer(int)" (?Timer@GLUTCallbacks@@YAXH@Z)
freeglut.lib : warning LNK4272: library machine type 'x86' conflicts with target machine type 'x64'
C:\Users\j013015j\Documents\GitHub\FOGS-Project2\HelloGL real\x64\Debug\HelloGL real.exe : fatal error LNK1120: 11 unresolved externals
